Arguments: 
  /home/luo/mysolf/node-8-11-3/bin/node /usr/share/yarn/bin/yarn.js

PATH: 
  /usr/local/bin:/usr/bin:/bin:/usr/local/games:/usr/games:/home/luo/mysoft/node/bin

Yarn version: 
  1.3.2

Node version: 
  8.11.3

Platform: 
  linux ia32

npm manifest: 
  {
    "name": "scaffold",
    "version": "1.0.0",
    "description": "luo's scaffold",
    "main": "index.js",
    "author": "luoshilu",
    "license": "MIT",
    "bin": {
      "luo": "./bin/luo.js"
    },
    "dependencies": {
      "chalk": "^2.3.2", // 色彩丰富的终端工具
      "co": "^4.6.0", // 异步流程控制工具
      "co-prompt": "^1.0.0", // 分步接收用户的输入
      "commander": "^2.15.1", // 组织和处理命令行的输入
      "ora": "^2.0.0" // 典雅的终端微调器
    }
  }

yarn manifest: 
  No manifest

Lockfile: 
  No lockfile

Trace: 
  SyntaxError: /home/luo/Desktop/study-a-little-every-day/零件/scaffold/package.json: Unexpected token / in JSON at position 232
      at JSON.parse (<anonymous>)
      at /usr/share/yarn/lib/cli.js:770:59
      at Generator.next (<anonymous>)
      at step (/usr/share/yarn/lib/cli.js:92:30)
      at /usr/share/yarn/lib/cli.js:103:13
      at <anonymous>
